<?xml version="1.0" encoding="UTF-8"?>
<!-- Generated by org.testng.reporters.JUnitReportReporter -->
<testsuite hostname="LAPTOP-G9R92DIP" failures="0" tests="1" name="com.maadhar.automate.MAadhar" time="68.844" errors="0" timestamp="2023-08-03T18:34:43 IST" skipped="0">
  <testcase classname="com.maadhar.automate.MAadhar" name="MAadharTest" time="68.844"/>
</testsuite> <!-- com.maadhar.automate.MAadhar -->
